<?xml version="1.0" encoding="UTF-8"?>
<!-- Generated by org.testng.reporters.JUnitXMLReporter -->
<testsuite ignored="6" hostname="LAPTOP-H7LSMR7L" failures="0" tests="1" name="Default test" time="15.564" errors="0" timestamp="2024-03-03T19:45:27 IST">
  <testcase classname="com.softwaretestingboard.magento.Test.ProductDetailsTest" name="VerifyRemoveProdFromWishList" time="11.911"/>
  <testcase classname="com.softwaretestingboard.magento.Test.ProductDetailsTest" name="VerifyAddToWishlistWithoutLogin" time="0.0">
    <ignored/>
  </testcase> <!-- VerifyAddToWishlistWithoutLogin -->
  <testcase classname="com.softwaretestingboard.magento.Test.ProductDetailsTest" name="AddToCartProdFromProdDetailsPage" time="0.0">
    <ignored/>
  </testcase> <!-- AddToCartProdFromProdDetailsPage -->
  <testcase classname="com.softwaretestingboard.magento.Test.ProductDetailsTest" name="VerifyProductDetails" time="0.0">
    <ignored/>
  </testcase> <!-- VerifyProductDetails -->
  <testcase classname="com.softwaretestingboard.magento.Test.ProductDetailsTest" name="VerifyAddreviewtoProduct" time="0.0">
    <ignored/>
  </testcase> <!-- VerifyAddreviewtoProduct -->
  <testcase classname="com.softwaretestingboard.magento.Test.ProductDetailsTest" name="VerifyAddtoCartProdWithoutSelectingSize" time="0.0">
    <ignored/>
  </testcase> <!-- VerifyAddtoCartProdWithoutSelectingSize -->
  <testcase classname="com.softwaretestingboard.magento.Test.ProductDetailsTest" name="VerifyAddToWishlistWithLogin" time="0.0">
    <ignored/>
  </testcase> <!-- VerifyAddToWishlistWithLogin -->
</testsuite> <!-- Default test -->
