<?xml version="1.0" encoding="UTF-8"?>
<!-- Generated by org.testng.reporters.JUnitXMLReporter -->
<testsuite ignored="0" hostname="LAPTOP-H7LSMR7L" failures="2" tests="25" name="TestFirefox" time="266.884" errors="0" timestamp="2024-03-03T19:57:02 IST">
  <testcase classname="com.softwaretestingboard.magento.Test.CartTest" name="VerifyEditBtnInCart" time="30.687">
    <failure type="org.openqa.selenium.NoSuchElementException" message="no such element: Unable to locate element: {&amp;quot;method&amp;quot;:&amp;quot;xpath&amp;quot;,&amp;quot;selector&amp;quot;:&amp;quot;//table[@id=&amp;quot;shopping-cart-table&amp;quot;]/tbody[1]/tr/td[3]/div/div/label/input&amp;quot;}
  (Session info: chrome=122.0.6261.95)
For documentation on this error, please visit: https://www.selenium.dev/documentation/webdriver/troubleshooting/errors#no-such-element-exception
Build info: version: &amp;apos;4.17.0&amp;apos;, revision: &amp;apos;e52b1be057*&amp;apos;
System info: os.name: &amp;apos;Windows 11&amp;apos;, os.arch: &amp;apos;amd64&amp;apos;, os.version: &amp;apos;10.0&amp;apos;, java.version: &amp;apos;17.0.8.1&amp;apos;
Driver info: org.openqa.selenium.chrome.ChromeDriver
Command: [49f60db565254383a7d5657144edd6e6, findElement {value=//table[@id=&amp;quot;shopping-cart-table&amp;quot;]/tbody[1]/tr/td[3]/div/div/label/input, using=xpath}]
Capabilities {acceptInsecureCerts: false, browserName: chrome, browserVersion: 122.0.6261.95, chrome: {chromedriverVersion: 122.0.6261.94 (880dbf29479c..., userDataDir: C:\Users\prati\AppData\Loca...}, fedcm:accounts: true, goog:chromeOptions: {debuggerAddress: localhost:62935}, networkConnectionEnabled: false, pageLoadStrategy: normal, platformName: windows, proxy: Proxy(), se:cdp: ws://localhost:62935/devtoo..., se:cdpVersion: 122.0.6261.95, setWindowRect: true, strictFileInteractability: false, timeouts: {implicit: 0, pageLoad: 300000, script: 30000}, unhandledPromptBehavior: dismiss and notify, webauthn:extension:credBlob: true, webauthn:extension:largeBlob: true, webauthn:extension:minPinLength: true, webauthn:extension:prf: true, webauthn:virtualAuthenticators: true}
Session ID: 49f60db565254383a7d5657144edd6e6">
      <![CDATA[org.openqa.selenium.NoSuchElementException: no such element: Unable to locate element: {"method":"xpath","selector":"//table[@id="shopping-cart-table"]/tbody[1]/tr/td[3]/div/div/label/input"}
  (Session info: chrome=122.0.6261.95)
For documentation on this error, please visit: https://www.selenium.dev/documentation/webdriver/troubleshooting/errors#no-such-element-exception
Build info: version: '4.17.0', revision: 'e52b1be057*'
System info: os.name: 'Windows 11', os.arch: 'amd64', os.version: '10.0', java.version: '17.0.8.1'
Driver info: org.openqa.selenium.chrome.ChromeDriver
Command: [49f60db565254383a7d5657144edd6e6, findElement {value=//table[@id="shopping-cart-table"]/tbody[1]/tr/td[3]/div/div/label/input, using=xpath}]
Capabilities {acceptInsecureCerts: false, browserName: chrome, browserVersion: 122.0.6261.95, chrome: {chromedriverVersion: 122.0.6261.94 (880dbf29479c..., userDataDir: C:\Users\prati\AppData\Loca...}, fedcm:accounts: true, goog:chromeOptions: {debuggerAddress: localhost:62935}, networkConnectionEnabled: false, pageLoadStrategy: normal, platformName: windows, proxy: Proxy(), se:cdp: ws://localhost:62935/devtoo..., se:cdpVersion: 122.0.6261.95, setWindowRect: true, strictFileInteractability: false, timeouts: {implicit: 0, pageLoad: 300000, script: 30000}, unhandledPromptBehavior: dismiss and notify, webauthn:extension:credBlob: true, webauthn:extension:largeBlob: true, webauthn:extension:minPinLength: true, webauthn:extension:prf: true, webauthn:virtualAuthenticators: true}
Session ID: 49f60db565254383a7d5657144edd6e6
at org.openqa.selenium.remote.codec.w3c.W3CHttpResponseCodec.createException(W3CHttpResponseCodec.java:185)
at org.openqa.selenium.remote.codec.w3c.W3CHttpResponseCodec.decode(W3CHttpResponseCodec.java:134)
at org.openqa.selenium.remote.codec.w3c.W3CHttpResponseCodec.decode(W3CHttpResponseCodec.java:51)
at org.openqa.selenium.remote.HttpCommandExecutor.execute(HttpCommandExecutor.java:190)
at org.openqa.selenium.remote.service.DriverCommandExecutor.invokeExecute(DriverCommandExecutor.java:216)
at org.openqa.selenium.remote.service.DriverCommandExecutor.execute(DriverCommandExecutor.java:174)
at org.openqa.selenium.remote.RemoteWebDriver.execute(RemoteWebDriver.java:519)
at org.openqa.selenium.remote.ElementLocation$ElementFinder$2.findElement(ElementLocation.java:165)
at org.openqa.selenium.remote.ElementLocation.findElement(ElementLocation.java:59)
at org.openqa.selenium.remote.RemoteWebDriver.findElement(RemoteWebDriver.java:356)
at org.openqa.selenium.remote.RemoteWebDriver.findElement(RemoteWebDriver.java:350)
at org.openqa.selenium.support.pagefactory.DefaultElementLocator.findElement(DefaultElementLocator.java:68)
at org.openqa.selenium.support.pagefactory.internal.LocatingElementHandler.invoke(LocatingElementHandler.java:38)
at jdk.proxy2/jdk.proxy2.$Proxy13.getAttribute(Unknown Source)
at com.softwaretestingboard.magento.Pages.CartPage.EditAddedProductinCart(CartPage.java:67)
at com.softwaretestingboard.magento.Test.CartTest.VerifyEditBtnInCart(CartTest.java:15)
at java.base/java.util.ArrayList.forEach(ArrayList.java:1511)
at java.base/java.util.concurrent.FutureTask.run(FutureTask.java:264)
at java.base/java.util.concurrent.ThreadPoolExecutor.runWorker(ThreadPoolExecutor.java:1136)
at java.base/java.util.concurrent.ThreadPoolExecutor$Worker.run(ThreadPoolExecutor.java:635)
at java.base/java.lang.Thread.run(Thread.java:833)
... Removed 23 stack frames]]>
    </failure>
  </testcase> <!-- VerifyEditBtnInCart -->
  <testcase classname="com.softwaretestingboard.magento.Test.CartTest" name="VerifyRemoveProdFromCart" time="9.123"/>
  <testcase classname="com.softwaretestingboard.magento.Test.CheckOutTest" name="VerifyLoginWhileCheckOutPeod" time="23.162"/>
  <testcase classname="com.softwaretestingboard.magento.Test.HomePageTest" name="VerifyBlankSearch" time="0.095"/>
  <testcase classname="com.softwaretestingboard.magento.Test.HomePageTest" name="VerifyHotSeller" time="0.034"/>
  <testcase classname="com.softwaretestingboard.magento.Test.HomePageTest" name="VerifyRelatedSearchItems" time="1.969"/>
  <testcase classname="com.softwaretestingboard.magento.Test.HomePageTest" name="VerifySearchProduct" time="1.829"/>
  <testcase classname="com.softwaretestingboard.magento.Test.LogOutTest" name="LogOut" time="5.442"/>
  <testcase classname="com.softwaretestingboard.magento.Test.ProductDetailsTest" name="AddToCartProdFromProdDetailsPage" time="7.61"/>
  <testcase classname="com.softwaretestingboard.magento.Test.ProductDetailsTest" name="VerifyAddToWishlistWithLogin" time="8.787"/>
  <testcase classname="com.softwaretestingboard.magento.Test.ProductDetailsTest" name="VerifyAddToWishlistWithoutLogin" time="5.17"/>
  <testcase classname="com.softwaretestingboard.magento.Test.ProductDetailsTest" name="VerifyAddreviewtoProduct" time="6.828"/>
  <testcase classname="com.softwaretestingboard.magento.Test.ProductDetailsTest" name="VerifyAddtoCartProdWithoutSelectingSize" time="5.15"/>
  <testcase classname="com.softwaretestingboard.magento.Test.ProductDetailsTest" name="VerifyProductDetails" time="3.497"/>
  <testcase classname="com.softwaretestingboard.magento.Test.ProductDetailsTest" name="VerifyRemoveProdFromWishList" time="13.591"/>
  <testcase classname="com.softwaretestingboard.magento.Test.Products" name="AddMultipleProdTOCart" time="8.617"/>
  <testcase classname="com.softwaretestingboard.magento.Test.Products" name="AddProductToCartFromWomenDD" time="7.184"/>
  <testcase classname="com.softwaretestingboard.magento.Test.Products" name="VerifyPriceOption" time="3.666"/>
  <testcase classname="com.softwaretestingboard.magento.Test.Products" name="VerifyShowPerPage" time="4.263"/>
  <testcase classname="com.softwaretestingboard.magento.Test.SignInTest" name="CreateNewAccOnSignInPage" time="2.094"/>
  <testcase classname="com.softwaretestingboard.magento.Test.SignInTest" name="ForgotpassBtn" time="1.861"/>
  <testcase classname="com.softwaretestingboard.magento.Test.SignInTest" name="SignInValidCred" time="4.613"/>
  <testcase classname="com.softwaretestingboard.magento.Test.SignInTest" name="SignInWithInvalidCred" time="3.428"/>
  <testcase classname="com.softwaretestingboard.magento.Test.SignUpTest" name="SignUp" time="23.245">
    <failure type="org.openqa.selenium.NoSuchElementException" message="no such element: Unable to locate element: {&amp;quot;method&amp;quot;:&amp;quot;xpath&amp;quot;,&amp;quot;selector&amp;quot;:&amp;quot;//*[text() = &amp;apos;Thank you for registering with Main Website Store.&amp;apos;]&amp;quot;}
  (Session info: chrome=122.0.6261.95)
For documentation on this error, please visit: https://www.selenium.dev/documentation/webdriver/troubleshooting/errors#no-such-element-exception
Build info: version: &amp;apos;4.17.0&amp;apos;, revision: &amp;apos;e52b1be057*&amp;apos;
System info: os.name: &amp;apos;Windows 11&amp;apos;, os.arch: &amp;apos;amd64&amp;apos;, os.version: &amp;apos;10.0&amp;apos;, java.version: &amp;apos;17.0.8.1&amp;apos;
Driver info: org.openqa.selenium.chrome.ChromeDriver
Command: [b4d428b97f184df522f63e556114d979, findElement {value=//*[text() = &amp;apos;Thank you for registering with Main Website Store.&amp;apos;], using=xpath}]
Capabilities {acceptInsecureCerts: false, browserName: chrome, browserVersion: 122.0.6261.95, chrome: {chromedriverVersion: 122.0.6261.94 (880dbf29479c..., userDataDir: C:\Users\prati\AppData\Loca...}, fedcm:accounts: true, goog:chromeOptions: {debuggerAddress: localhost:64235}, networkConnectionEnabled: false, pageLoadStrategy: normal, platformName: windows, proxy: Proxy(), se:cdp: ws://localhost:64235/devtoo..., se:cdpVersion: 122.0.6261.95, setWindowRect: true, strictFileInteractability: false, timeouts: {implicit: 0, pageLoad: 300000, script: 30000}, unhandledPromptBehavior: dismiss and notify, webauthn:extension:credBlob: true, webauthn:extension:largeBlob: true, webauthn:extension:minPinLength: true, webauthn:extension:prf: true, webauthn:virtualAuthenticators: true}
Session ID: b4d428b97f184df522f63e556114d979">
      <![CDATA[org.openqa.selenium.NoSuchElementException: no such element: Unable to locate element: {"method":"xpath","selector":"//*[text() = 'Thank you for registering with Main Website Store.']"}
  (Session info: chrome=122.0.6261.95)
For documentation on this error, please visit: https://www.selenium.dev/documentation/webdriver/troubleshooting/errors#no-such-element-exception
Build info: version: '4.17.0', revision: 'e52b1be057*'
System info: os.name: 'Windows 11', os.arch: 'amd64', os.version: '10.0', java.version: '17.0.8.1'
Driver info: org.openqa.selenium.chrome.ChromeDriver
Command: [b4d428b97f184df522f63e556114d979, findElement {value=//*[text() = 'Thank you for registering with Main Website Store.'], using=xpath}]
Capabilities {acceptInsecureCerts: false, browserName: chrome, browserVersion: 122.0.6261.95, chrome: {chromedriverVersion: 122.0.6261.94 (880dbf29479c..., userDataDir: C:\Users\prati\AppData\Loca...}, fedcm:accounts: true, goog:chromeOptions: {debuggerAddress: localhost:64235}, networkConnectionEnabled: false, pageLoadStrategy: normal, platformName: windows, proxy: Proxy(), se:cdp: ws://localhost:64235/devtoo..., se:cdpVersion: 122.0.6261.95, setWindowRect: true, strictFileInteractability: false, timeouts: {implicit: 0, pageLoad: 300000, script: 30000}, unhandledPromptBehavior: dismiss and notify, webauthn:extension:credBlob: true, webauthn:extension:largeBlob: true, webauthn:extension:minPinLength: true, webauthn:extension:prf: true, webauthn:virtualAuthenticators: true}
Session ID: b4d428b97f184df522f63e556114d979
at org.openqa.selenium.remote.codec.w3c.W3CHttpResponseCodec.createException(W3CHttpResponseCodec.java:185)
at org.openqa.selenium.remote.codec.w3c.W3CHttpResponseCodec.decode(W3CHttpResponseCodec.java:134)
at org.openqa.selenium.remote.codec.w3c.W3CHttpResponseCodec.decode(W3CHttpResponseCodec.java:51)
at org.openqa.selenium.remote.HttpCommandExecutor.execute(HttpCommandExecutor.java:190)
at org.openqa.selenium.remote.service.DriverCommandExecutor.invokeExecute(DriverCommandExecutor.java:216)
at org.openqa.selenium.remote.service.DriverCommandExecutor.execute(DriverCommandExecutor.java:174)
at org.openqa.selenium.remote.RemoteWebDriver.execute(RemoteWebDriver.java:519)
at org.openqa.selenium.remote.ElementLocation$ElementFinder$2.findElement(ElementLocation.java:165)
at org.openqa.selenium.remote.ElementLocation.findElement(ElementLocation.java:59)
at org.openqa.selenium.remote.RemoteWebDriver.findElement(RemoteWebDriver.java:356)
at org.openqa.selenium.remote.RemoteWebDriver.findElement(RemoteWebDriver.java:350)
at org.openqa.selenium.support.pagefactory.DefaultElementLocator.findElement(DefaultElementLocator.java:68)
at org.openqa.selenium.support.pagefactory.internal.LocatingElementHandler.invoke(LocatingElementHandler.java:38)
at jdk.proxy2/jdk.proxy2.$Proxy13.isDisplayed(Unknown Source)
at com.softwaretestingboard.magento.Pages.SignUpPage.signUp(SignUpPage.java:73)
at com.softwaretestingboard.magento.Test.SignUpTest.SignUp(SignUpTest.java:16)
at java.base/java.util.ArrayList.forEach(ArrayList.java:1511)
at java.base/java.util.concurrent.FutureTask.run(FutureTask.java:264)
at java.base/java.util.concurrent.ThreadPoolExecutor.runWorker(ThreadPoolExecutor.java:1136)
at java.base/java.util.concurrent.ThreadPoolExecutor$Worker.run(ThreadPoolExecutor.java:635)
at java.base/java.lang.Thread.run(Thread.java:833)
... Removed 23 stack frames]]>
    </failure>
  </testcase> <!-- SignUp -->
  <testcase classname="com.softwaretestingboard.magento.Test.SignUpTest" name="signUpWithRegEmail" time="3.691"/>
</testsuite> <!-- TestFirefox -->
