<?xml version="1.0" encoding="UTF-8"?>
<testng-results ignored="6" total="7" passed="1" failed="0" skipped="0">
  <reporter-output>
  </reporter-output>
  <suite started-at="2024-03-03T19:58:05 IST" name="Failed suite [Default suite]" finished-at="2024-03-03T19:58:23 IST" duration-ms="17608">
    <groups>
    </groups>
    <test started-at="2024-03-03T19:58:05 IST" name="Default test(failed)" finished-at="2024-03-03T19:58:23 IST" duration-ms="17608">
      <class name="com.softwaretestingboard.magento.Test.ProductDetailsTest">
        <test-method is-config="true" signature="setUp()[pri:0, instance:com.softwaretestingboard.magento.Test.ProductDetailsTest@31fa1761]" started-at="2024-03-03T19:58:05 IST" name="setUp" finished-at="2024-03-03T19:58:10 IST" duration-ms="4062" status="PASS">
          <reporter-output>
          </reporter-output>
        </test-method> <!-- setUp -->
        <test-method signature="VerifyRemoveProdFromWishList()[pri:0, instance:com.softwaretestingboard.magento.Test.ProductDetailsTest@31fa1761]" started-at="2024-03-03T19:58:10 IST" name="VerifyRemoveProdFromWishList" finished-at="2024-03-03T19:58:23 IST" duration-ms="13334" status="PASS">
          <reporter-output>
          </reporter-output>
        </test-method> <!-- VerifyRemoveProdFromWishList -->
        <test-method is-config="true" signature="tearDown()[pri:0, instance:com.softwaretestingboard.magento.Test.ProductDetailsTest@31fa1761]" started-at="2024-03-03T19:58:23 IST" name="tearDown" finished-at="2024-03-03T19:58:23 IST" duration-ms="180" status="PASS">
          <reporter-output>
          </reporter-output>
        </test-method> <!-- tearDown -->
      </class> <!-- com.softwaretestingboard.magento.Test.ProductDetailsTest -->
    </test> <!-- Default test(failed) -->
  </suite> <!-- Failed suite [Default suite] -->
</testng-results>
